[2023-08-15T12:12:09.889+0000] {taskinstance.py:1103} INFO - Dependencies all met for dep_context=non-requeueable deps ti=<TaskInstance: data_cleaning_dag.data_cleaning manual__2023-08-15T12:11:58.902142+00:00 [queued]>
[2023-08-15T12:12:09.930+0000] {taskinstance.py:1103} INFO - Dependencies all met for dep_context=requeueable deps ti=<TaskInstance: data_cleaning_dag.data_cleaning manual__2023-08-15T12:11:58.902142+00:00 [queued]>
[2023-08-15T12:12:09.937+0000] {taskinstance.py:1308} INFO - Starting attempt 1 of 1
[2023-08-15T12:12:10.003+0000] {taskinstance.py:1327} INFO - Executing <Task(PythonOperator): data_cleaning> on 2023-08-15 12:11:58.902142+00:00
[2023-08-15T12:12:10.125+0000] {standard_task_runner.py:57} INFO - Started process 73547 to run task
[2023-08-15T12:12:10.253+0000] {standard_task_runner.py:84} INFO - Running: ['***', 'tasks', 'run', 'data_cleaning_dag', 'data_cleaning', 'manual__2023-08-15T12:11:58.902142+00:00', '--job-id', '381', '--raw', '--subdir', 'DAGS_FOLDER/data_cleaning_dag/data_cleaning.py', '--cfg-path', '/tmp/tmpn9hig9da']
[2023-08-15T12:12:10.275+0000] {standard_task_runner.py:85} INFO - Job 381: Subtask data_cleaning
[2023-08-15T12:12:10.640+0000] {task_command.py:410} INFO - Running <TaskInstance: data_cleaning_dag.data_cleaning manual__2023-08-15T12:11:58.902142+00:00 [running]> on host 77a7d2857de0
[2023-08-15T12:12:11.147+0000] {taskinstance.py:1547} INFO - Exporting env vars: AIRFLOW_CTX_DAG_OWNER='***' AIRFLOW_CTX_DAG_ID='data_cleaning_dag' AIRFLOW_CTX_TASK_ID='data_cleaning' AIRFLOW_CTX_EXECUTION_DATE='2023-08-15T12:11:58.902142+00:00' AIRFLOW_CTX_TRY_NUMBER='1' AIRFLOW_CTX_DAG_RUN_ID='manual__2023-08-15T12:11:58.902142+00:00'
[2023-08-15T12:12:12.669+0000] {logging_mixin.py:150} INFO - <class 'pandas.core.frame.DataFrame'>
RangeIndex: 40060 entries, 0 to 40059
Data columns (total 31 columns):
 #   Column                       Non-Null Count  Dtype  
---  ------                       --------------  -----  
 0   IsCanceled                   40060 non-null  int64  
 1   LeadTime                     40060 non-null  int64  
 2   ArrivalDateYear              40060 non-null  int64  
 3   ArrivalDateMonth             40060 non-null  object 
 4   ArrivalDateWeekNumber        40060 non-null  int64  
 5   ArrivalDateDayOfMonth        40060 non-null  int64  
 6   StaysInWeekendNights         40060 non-null  int64  
 7   StaysInWeekNights            40060 non-null  int64  
 8   Adults                       40060 non-null  int64  
 9   Children                     40060 non-null  int64  
 10  Babies                       40060 non-null  int64  
 11  Meal                         40060 non-null  object 
 12  Country                      39596 non-null  object 
 13  MarketSegment                40060 non-null  object 
 14  DistributionChannel          40060 non-null  object 
 15  IsRepeatedGuest              40060 non-null  int64  
 16  PreviousCancellations        40060 non-null  int64  
 17  PreviousBookingsNotCanceled  40060 non-null  int64  
 18  ReservedRoomType             40060 non-null  object 
 19  AssignedRoomType             40060 non-null  object 
 20  BookingChanges               40060 non-null  int64  
 21  DepositType                  40060 non-null  object 
 22  Agent                        40060 non-null  object 
 23  Company                      40060 non-null  object 
 24  DaysInWaitingList            40060 non-null  int64  
 25  CustomerType                 40060 non-null  object 
 26  ADR                          40060 non-null  float64
 27  RequiredCarParkingSpaces     40060 non-null  int64  
 28  TotalOfSpecialRequests       40060 non-null  int64  
 29  ReservationStatus            40060 non-null  object 
 30  ReservationStatusDate        40060 non-null  object 
dtypes: float64(1), int64(17), object(13)
memory usage: 9.5+ MB
[2023-08-15T12:12:13.016+0000] {logging_mixin.py:150} INFO - <class 'pandas.core.frame.DataFrame'>
RangeIndex: 40060 entries, 0 to 40059
Data columns (total 31 columns):
 #   Column                       Non-Null Count  Dtype  
---  ------                       --------------  -----  
 0   IsCanceled                   40060 non-null  int64  
 1   LeadTime                     40060 non-null  int64  
 2   ArrivalDateYear              40060 non-null  int64  
 3   ArrivalDateMonth             40060 non-null  object 
 4   ArrivalDateWeekNumber        40060 non-null  int64  
 5   ArrivalDateDayOfMonth        40060 non-null  int64  
 6   StaysInWeekendNights         40060 non-null  int64  
 7   StaysInWeekNights            40060 non-null  int64  
 8   Adults                       40060 non-null  int64  
 9   Children                     40060 non-null  int64  
 10  Babies                       40060 non-null  int64  
 11  Meal                         40060 non-null  object 
 12  Country                      39596 non-null  object 
 13  MarketSegment                40060 non-null  object 
 14  DistributionChannel          40060 non-null  object 
 15  IsRepeatedGuest              40060 non-null  int64  
 16  PreviousCancellations        40060 non-null  int64  
 17  PreviousBookingsNotCanceled  40060 non-null  int64  
 18  ReservedRoomType             40060 non-null  object 
 19  AssignedRoomType             40060 non-null  object 
 20  BookingChanges               40060 non-null  int64  
 21  DepositType                  40060 non-null  object 
 22  Agent                        40060 non-null  object 
 23  Company                      40060 non-null  object 
 24  DaysInWaitingList            40060 non-null  int64  
 25  CustomerType                 40060 non-null  object 
 26  ADR                          40060 non-null  float64
 27  RequiredCarParkingSpaces     40060 non-null  int64  
 28  TotalOfSpecialRequests       40060 non-null  int64  
 29  ReservationStatus            40060 non-null  object 
 30  ReservationStatusDate        40060 non-null  object 
dtypes: float64(1), int64(17), object(13)
memory usage: 9.5+ MB
[2023-08-15T12:12:13.076+0000] {taskinstance.py:1824} ERROR - Task failed with exception
Traceback (most recent call last):
  File "/home/airflow/.local/lib/python3.7/site-packages/airflow/operators/python.py", line 181, in execute
    return_value = self.execute_callable()
  File "/home/airflow/.local/lib/python3.7/site-packages/airflow/operators/python.py", line 198, in execute_callable
    return self.python_callable(*self.op_args, **self.op_kwargs)
  File "/opt/airflow/dags/data_cleaning_dag/data_cleaning.py", line 34, in data_cleaning
    cleaned_data.to_csv('/processed_data/hotel_booking_portugal_data.csv', index = False)
  File "/home/airflow/.local/lib/python3.7/site-packages/pandas/core/generic.py", line 3482, in to_csv
    storage_options=storage_options,
  File "/home/airflow/.local/lib/python3.7/site-packages/pandas/io/formats/format.py", line 1105, in to_csv
    csv_formatter.save()
  File "/home/airflow/.local/lib/python3.7/site-packages/pandas/io/formats/csvs.py", line 243, in save
    storage_options=self.storage_options,
  File "/home/airflow/.local/lib/python3.7/site-packages/pandas/io/common.py", line 707, in get_handle
    newline="",
FileNotFoundError: [Errno 2] No such file or directory: '/processed_data/hotel_booking_portugal_data.csv'
[2023-08-15T12:12:13.326+0000] {taskinstance.py:1350} INFO - Marking task as FAILED. dag_id=data_cleaning_dag, task_id=data_cleaning, execution_date=20230815T121158, start_date=20230815T121209, end_date=20230815T121213
[2023-08-15T12:12:13.491+0000] {standard_task_runner.py:109} ERROR - Failed to execute job 381 for task data_cleaning ([Errno 2] No such file or directory: '/processed_data/hotel_booking_portugal_data.csv'; 73547)
[2023-08-15T12:12:13.622+0000] {local_task_job_runner.py:225} INFO - Task exited with return code 1
[2023-08-15T12:12:13.943+0000] {taskinstance.py:2653} INFO - 0 downstream tasks scheduled from follow-on schedule check
